[debug] [2022-12-14T15:14:36.493Z] ----------------------------------------------------------------------
[debug] [2022-12-14T15:14:36.495Z] Command:       /usr/local/bin/firebase /Users/mguay/.cache/firebase/tools/lib/node_modules/firebase-tools/lib/bin/firebase deploy
[debug] [2022-12-14T15:14:36.495Z] CLI Version:   7.14.0
[debug] [2022-12-14T15:14:36.495Z] Platform:      darwin
[debug] [2022-12-14T15:14:36.495Z] Node Version:  v12.13.1
[debug] [2022-12-14T15:14:36.496Z] Time:          Wed Dec 14 2022 16:14:36 GMT+0100 (Central European Standard Time)
[debug] [2022-12-14T15:14:36.496Z] ----------------------------------------------------------------------
[debug] [2022-12-14T15:14:36.496Z] 
[debug] [2022-12-14T15:14:36.501Z] > command requires scopes: ["email","openid","https://www.googleapis.com/auth/cloudplatformprojects.readonly","https://www.googleapis.com/auth/firebase","https://www.googleapis.com/auth/cloud-platform"]
[debug] [2022-12-14T15:14:36.502Z] > authorizing via signed-in user
[debug] [2022-12-14T15:14:36.502Z] [iam] checking project mypersonalpage-9add4 for permissions ["firebase.projects.get","firebasehosting.sites.update"]
[debug] [2022-12-14T15:14:36.503Z] > refreshing access token with scopes: ["email","https://www.googleapis.com/auth/cloud-platform","https://www.googleapis.com/auth/cloudplatformprojects.readonly","https://www.googleapis.com/auth/firebase","openid"]
[debug] [2022-12-14T15:14:36.503Z] >>> HTTP REQUEST POST https://www.googleapis.com/oauth2/v3/token  
 <request body omitted>
[debug] [2022-12-14T15:14:36.615Z] <<< HTTP RESPONSE 400
[debug] [2022-12-14T15:14:36.616Z] >>> HTTP REQUEST POST https://cloudresourcemanager.googleapis.com/v1/projects/mypersonalpage-9add4:testIamPermissions  

[debug] [2022-12-14T15:14:37.502Z] <<< HTTP RESPONSE 401
[debug] [2022-12-14T15:14:37.502Z] <<< HTTP RESPONSE BODY
[debug] [2022-12-14T15:14:37.504Z] [iam] error while checking permissions, command may fail: FirebaseError: HTTP Error: 401, Request had invalid authentication credentials. Expected OAuth 2 access token, login cookie or other valid authentication credential. See https://developers.google.com/identity/sign-in/web/devconsole-project.
[debug] [2022-12-14T15:14:37.504Z] > refreshing access token with scopes: ["email","https://www.googleapis.com/auth/cloud-platform","https://www.googleapis.com/auth/cloudplatformprojects.readonly","https://www.googleapis.com/auth/firebase","openid"]
[debug] [2022-12-14T15:14:37.505Z] >>> HTTP REQUEST POST https://www.googleapis.com/oauth2/v3/token  
 <request body omitted>
[debug] [2022-12-14T15:14:37.596Z] <<< HTTP RESPONSE 400
[debug] [2022-12-14T15:14:37.597Z] >>> HTTP REQUEST GET https://firebase.googleapis.com/v1beta1/projects/mypersonalpage-9add4  
 
[debug] [2022-12-14T15:14:37.676Z] <<< HTTP RESPONSE 401
[debug] [2022-12-14T15:14:37.676Z] <<< HTTP RESPONSE BODY
[debug] [2022-12-14T15:14:37.676Z] HTTP Error: 401, Request had invalid authentication credentials. Expected OAuth 2 access token, login cookie or other valid authentication credential. See https://developers.google.com/identity/sign-in/web/devconsole-project.
[debug] [2022-12-14T15:14:37.835Z] FirebaseError: HTTP Error: 401, Request had invalid authentication credentials. Expected OAuth 2 access token, login cookie or other valid authentication credential. See https://developers.google.com/identity/sign-in/web/devconsole-project.
    at module.exports (/Users/mguay/.cache/firebase/tools/lib/node_modules/firebase-tools/lib/responseToError.js:38:12)
    at Request._callback (/Users/mguay/.cache/firebase/tools/lib/node_modules/firebase-tools/lib/api.js:39:35)
    at Request.self.callback (/Users/mguay/.cache/firebase/tools/lib/node_modules/request/request.js:185:22)
    at Request.emit (events.js:210:5)
    at Request.EventEmitter.emit (domain.js:475:20)
    at Request.<anonymous> (/Users/mguay/.cache/firebase/tools/lib/node_modules/request/request.js:1154:10)
    at Request.emit (events.js:210:5)
    at Request.EventEmitter.emit (domain.js:475:20)
    at IncomingMessage.<anonymous> (/Users/mguay/.cache/firebase/tools/lib/node_modules/request/request.js:1076:12)
    at Object.onceWrapper (events.js:299:28)
    at IncomingMessage.emit (events.js:215:7)
    at IncomingMessage.EventEmitter.emit (domain.js:475:20)
    at endReadableNT (_stream_readable.js:1184:12)
    at processTicksAndRejections (internal/process/task_queues.js:80:21)
[error] 
[error] Error: Failed to get Firebase project mypersonalpage-9add4. Please make sure the project exists and your account has permission to access it.
